<?xml version="1.0" encoding="UTF-8"?>
<testng-results ignored="0" total="2" passed="2" failed="0" skipped="0">
  <reporter-output>
  </reporter-output>
  <suite started-at="2025-11-04T04:58:09 IST" name="Kavya Hybrid Framework Test Suite" finished-at="2025-11-04T04:58:21 IST" duration-ms="12072">
    <groups>
    </groups>
    <test started-at="2025-11-04T04:58:09 IST" name="Login Functionality Tests" finished-at="2025-11-04T04:58:21 IST" duration-ms="12072">
      <class name="com.kavya.tests.LoginTest">
        <test-method is-config="true" signature="setup()[pri:0, instance:com.kavya.tests.LoginTest@4c402120]" started-at="2025-11-04T04:58:09 IST" name="setup" finished-at="2025-11-04T04:58:15 IST" duration-ms="5712" status="PASS">
          <reporter-output>
          </reporter-output>
        </test-method> <!-- setup -->
        <test-method signature="invalidLoginTest()[pri:0, instance:com.kavya.tests.LoginTest@4c402120]" started-at="2025-11-04T04:58:15 IST" name="invalidLoginTest" description="Verify error message for invalid credentials" finished-at="2025-11-04T04:58:15 IST" duration-ms="554" status="PASS">
          <reporter-output>
          </reporter-output>
        </test-method> <!-- invalidLoginTest -->
        <test-method is-config="true" signature="tearDown()[pri:0, instance:com.kavya.tests.LoginTest@4c402120]" started-at="2025-11-04T04:58:15 IST" name="tearDown" finished-at="2025-11-04T04:58:15 IST" duration-ms="368" status="PASS">
          <reporter-output>
          </reporter-output>
        </test-method> <!-- tearDown -->
        <test-method is-config="true" signature="setup()[pri:0, instance:com.kavya.tests.LoginTest@4c402120]" started-at="2025-11-04T04:58:15 IST" name="setup" finished-at="2025-11-04T04:58:20 IST" duration-ms="4489" status="PASS">
          <reporter-output>
          </reporter-output>
        </test-method> <!-- setup -->
        <test-method signature="successfulLoginTest()[pri:0, instance:com.kavya.tests.LoginTest@4c402120]" started-at="2025-11-04T04:58:20 IST" name="successfulLoginTest" description="Verify successful login with valid credentials" finished-at="2025-11-04T04:58:20 IST" duration-ms="544" status="PASS">
          <reporter-output>
          </reporter-output>
        </test-method> <!-- successfulLoginTest -->
        <test-method is-config="true" signature="tearDown()[pri:0, instance:com.kavya.tests.LoginTest@4c402120]" started-at="2025-11-04T04:58:20 IST" name="tearDown" finished-at="2025-11-04T04:58:21 IST" duration-ms="321" status="PASS">
          <reporter-output>
          </reporter-output>
        </test-method> <!-- tearDown -->
      </class> <!-- com.kavya.tests.LoginTest -->
    </test> <!-- Login Functionality Tests -->
  </suite> <!-- Kavya Hybrid Framework Test Suite -->
</testng-results>
